<?xml version="1.0" encoding="UTF-8"?>
<!-- Generated by org.testng.reporters.JUnitReportReporter -->
<testsuite hostname="LAPTOP-9T48ILNO" failures="0" tests="1" name="SeleniumF.SeleniumFramework.ReportValidation" time="5.781" errors="0" timestamp="2025-08-24T15:07:02 IST" skipped="0">
  <testcase classname="SeleniumF.SeleniumFramework.ReportValidation" name="sample" time="5.781"/>
</testsuite> <!-- SeleniumF.SeleniumFramework.ReportValidation -->
