<?xml version="1.0" encoding="UTF-8"?>
<!-- Generated by org.testng.reporters.JUnitReportReporter -->
<testsuite hostname="LAPTOP-9T48ILNO" failures="0" tests="1" name="cucumber.TestNGTestRunner" time="16.350" errors="0" timestamp="2025-08-26T17:57:18 IST" skipped="0">
  <testcase classname="cucumber.TestNGTestRunner" name="runScenario" time="16.350"/>
</testsuite> <!-- cucumber.TestNGTestRunner -->
