<?xml version="1.0" encoding="UTF-8"?>
<!-- Generated by org.testng.reporters.JUnitReportReporter -->
<testsuite hostname="LAPTOP-9T48ILNO" failures="0" tests="1" name="SeleniumF.SeleniumFramework.SubmitOrderTest" time="11.105" errors="0" timestamp="2025-09-04T17:22:12 IST" skipped="0">
  <testcase classname="SeleniumF.SeleniumFramework.SubmitOrderTest" name="submitOrder" time="11.105"/>
</testsuite> <!-- SeleniumF.SeleniumFramework.SubmitOrderTest -->
